cagecleaner --cores 14 -s .. -o regions --mode remote --keep_intermediate --method regions -m 5000 -i 92 -c 50
Importing genomicsqlite failed, falling back to SQLite3
[16:28:49] INFO [main.py: main] - --- Loading session file. ---
[16:28:49] INFO [main.py: main] - Entering remote region mode
{PosixPath('../hits.tsv'), PosixPath('../queries.tsv'), PosixPath('../clusters.tsv'), PosixPath('../local'), PosixPath('../remote')}
[16:28:49] INFO [run.py: __init__] - Found tsv tables. Generating cblaster session from these.
[16:28:49] INFO [remote_region_run.py: run] - --- STEP 1: Downloading genomic regions. ---
[16:29:01] INFO [remote_region_run.py: downloadRegions] - 12 regions were at a contig end.
[16:46:36] INFO [remote_region_run.py: run] - --- STEP 2: Dereplicating ---                                          
[16:46:43] INFO [utils.py: run_command] - mmseqs finished successfully
[16:46:43] INFO [remote_region_run.py: run] - --- STEP 3: Mapping dereplication clustering to binary table ---
[16:46:43] INFO [remote_region_run.py: mapDereplicationToBinary] - Mapping done!
[16:46:43] INFO [remote_region_run.py: run] - --- STEP 4: Recovering hit diversity ---
[16:46:43] INFO [run.py: recoverHits] - Total hits recovered by alternative gene cluster composition: 3
[16:46:43] INFO [run.py: recoverHits] - Total hits recovered by outlier hit score: 1
[16:46:43] INFO [remote_region_run.py: run] - --- STEP 5: Filtering original session file. ---
[16:46:44] INFO [run.py: filterSession] - Filtering done.
[16:46:44] INFO [run.py: filterSession] - 47 redundant scaffolds have been removed.
[16:46:44] INFO [run.py: filterSession] - 353 scaffolds have been retained.
[16:46:44] INFO [remote_region_run.py: run] - --- STEP 6: Generating output files ---
[16:46:45] INFO [run.py: generateOutput] - Copying downloaded genomes to output folder.
[16:46:45] INFO [run.py: generateOutput] - Copying dereplication results to output folder.
[16:46:45] INFO [run.py: generateOutput] - Finished! Output files can be found in /home/lucas/bin/cagecleaner/testing/from_tables/cfoldseeker/remote/regions.
[16:46:45] INFO [remote_region_run.py: run] - Cleaning up temporary directory.
